2025-04-12 22:03:40.4868|||14|Microsoft.Hosting.Lifetime|INFO|Now listening on: https://localhost:5001 
2025-04-12 22:03:40.8732|||14|Microsoft.Hosting.Lifetime|INFO|Now listening on: http://localhost:5000 
2025-04-12 22:03:40.8732||||Microsoft.Hosting.Lifetime|INFO|Application started. Press Ctrl+C to shut down. 
2025-04-12 22:03:40.8732||||Microsoft.Hosting.Lifetime|INFO|Hosting environment: Development 
2025-04-12 22:03:40.8732||||Microsoft.Hosting.Lifetime|INFO|Content root path: F:\OrchardCore\startoccms 
2025-04-12 22:57:46.8922||||Microsoft.Hosting.Lifetime|INFO|Application is shutting down... 
2025-04-12 22:58:05.9821|||14|Microsoft.Hosting.Lifetime|INFO|Now listening on: https://localhost:5001 
2025-04-12 22:58:06.0110|||14|Microsoft.Hosting.Lifetime|INFO|Now listening on: http://localhost:5000 
2025-04-12 22:58:06.0110||||Microsoft.Hosting.Lifetime|INFO|Application started. Press Ctrl+C to shut down. 
2025-04-12 22:58:06.0110||||Microsoft.Hosting.Lifetime|INFO|Hosting environment: Development 
2025-04-12 22:58:06.0110||||Microsoft.Hosting.Lifetime|INFO|Content root path: F:\OrchardCore\startoccms 
2025-04-12 23:03:11.6358||||Microsoft.Hosting.Lifetime|INFO|Application is shutting down... 
2025-04-12 23:06:54.4817||||Microsoft.Hosting.Lifetime|INFO|Application started. Press Ctrl+C to shut down. 
2025-04-12 23:06:54.5559||||Microsoft.Hosting.Lifetime|INFO|Hosting environment: Development 
2025-04-12 23:06:54.5559||||Microsoft.Hosting.Lifetime|INFO|Content root path: F:\OrchardCore\startoccms 
2025-04-12 23:22:30.8263||||Microsoft.Hosting.Lifetime|INFO|Application started. Press Ctrl+C to shut down. 
2025-04-12 23:22:30.9814||||Microsoft.Hosting.Lifetime|INFO|Hosting environment: Development 
2025-04-12 23:22:31.0069||||Microsoft.Hosting.Lifetime|INFO|Content root path: F:\OrchardCore\startoccms 
2025-04-12 23:43:52.3587||||Microsoft.Hosting.Lifetime|INFO|Application started. Press Ctrl+C to shut down. 
2025-04-12 23:43:52.5605||||Microsoft.Hosting.Lifetime|INFO|Hosting environment: Development 
2025-04-12 23:43:52.5605||||Microsoft.Hosting.Lifetime|INFO|Content root path: F:\OrchardCore\startoccms 
