2025-04-10 16:15:11.6066|||14|Microsoft.Hosting.Lifetime|INFO|Now listening on: https://localhost:5001 
2025-04-10 16:15:11.7121|||14|Microsoft.Hosting.Lifetime|INFO|Now listening on: http://localhost:5000 
2025-04-10 16:15:11.7121||||Microsoft.Hosting.Lifetime|INFO|Application started. Press Ctrl+C to shut down. 
2025-04-10 16:15:11.7121||||Microsoft.Hosting.Lifetime|INFO|Hosting environment: Development 
2025-04-10 16:15:11.7121||||Microsoft.Hosting.Lifetime|INFO|Content root path: F:\OrchardCore\startoccms 
2025-04-10 22:38:15.9718|Default|00-61c373fe14c03a0519f3e0521643e69a-863caae3db89207e-00||OrchardCore.Search.Lucene.Services.LuceneSearchService|WARN|Lucene: Couldn't execute search. The search index doesn't exist. 
2025-04-10 22:38:18.2391|Default|00-402e86f642c6bc17ab8e88cecca84c4f-92435488bca82966-00||OrchardCore.Search.Lucene.Services.LuceneSearchService|WARN|Lucene: Couldn't execute search. The search index doesn't exist. 
2025-04-10 22:38:22.5924|Default|00-b3b6ddd611e0b02ac728697f71a0db16-dc380bb301ae30d7-00||OrchardCore.Search.Lucene.Services.LuceneSearchService|WARN|Lucene: Couldn't execute search. The search index doesn't exist. 
2025-04-10 22:38:24.1400|Default|00-dd3b7c0e931e10c57df6c8fec0dcfe1b-66e93bd149fc2511-00||OrchardCore.Search.Lucene.Services.LuceneSearchService|WARN|Lucene: Couldn't execute search. The search index doesn't exist. 
2025-04-10 22:38:32.3227|Default|00-f448b12f7a0fa3390540d1b995c6af26-b230dd0b858bf9ad-00||OrchardCore.Search.Lucene.Services.LuceneSearchService|WARN|Lucene: Couldn't execute search. The search index doesn't exist. 
2025-04-10 23:34:11.7033|Default|00-96444a87ff375f0b91197334a2855889-b5899a71e8137c81-00|4|Microsoft.AspNetCore.Antiforgery.DefaultAntiforgery|WARN|The required antiforgery request token was not provided in either form field '__RequestVerificationToken' or header 'RequestVerificationToken'. 
2025-04-10 23:34:11.7598|Default|00-96444a87ff375f0b91197334a2855889-b5899a71e8137c81-00||OrchardCore.Workflows.Http.Controllers.HttpWorkflowController|WARN|Antiforgery token validation failed. 
2025-04-10 23:35:18.4412|Default|00-576250a2dc23f75d8bcd0b85c2e4de04-02e5f7cb26b5aff5-00|4|Microsoft.AspNetCore.Antiforgery.DefaultAntiforgery|WARN|The required antiforgery request token was not provided in either form field '__RequestVerificationToken' or header 'RequestVerificationToken'. 
2025-04-10 23:35:18.4412|Default|00-576250a2dc23f75d8bcd0b85c2e4de04-02e5f7cb26b5aff5-00||OrchardCore.Workflows.Http.Controllers.HttpWorkflowController|WARN|Antiforgery token validation failed. 
2025-04-10 23:36:47.4714|Default|00-2956bbc11c07b33bc4ee422379fddd3a-9d14d037383e570f-00|4|Microsoft.AspNetCore.Antiforgery.DefaultAntiforgery|WARN|The required antiforgery request token was not provided in either form field '__RequestVerificationToken' or header 'RequestVerificationToken'. 
2025-04-10 23:36:47.4714|Default|00-2956bbc11c07b33bc4ee422379fddd3a-9d14d037383e570f-00||OrchardCore.Workflows.Http.Controllers.HttpWorkflowController|WARN|Antiforgery token validation failed. 
2025-04-10 23:36:53.4451|Default|00-d5ba98716a9edf4f38e8e704a7ef7a23-e6b23292c2aa2305-00|4|Microsoft.AspNetCore.Antiforgery.DefaultAntiforgery|WARN|The required antiforgery request token was not provided in either form field '__RequestVerificationToken' or header 'RequestVerificationToken'. 
2025-04-10 23:36:53.4451|Default|00-d5ba98716a9edf4f38e8e704a7ef7a23-e6b23292c2aa2305-00||OrchardCore.Workflows.Http.Controllers.HttpWorkflowController|WARN|Antiforgery token validation failed. 
2025-04-10 23:37:23.5860|Default|00-6a0837d72a4b98e5745eda3e58a7ecce-d46eeb88b116a342-00|4|Microsoft.AspNetCore.Antiforgery.DefaultAntiforgery|WARN|The required antiforgery request token was not provided in either form field '__RequestVerificationToken' or header 'RequestVerificationToken'. 
2025-04-10 23:37:23.5860|Default|00-6a0837d72a4b98e5745eda3e58a7ecce-d46eeb88b116a342-00||OrchardCore.Workflows.Http.Controllers.HttpWorkflowController|WARN|Antiforgery token validation failed. 
2025-04-10 23:38:19.6415|Default|00-53aa6b8547e0991dd8b6045719ceb65c-bbaa92d5bbc3d1ee-00|4|Microsoft.AspNetCore.Antiforgery.DefaultAntiforgery|WARN|The required antiforgery request token was not provided in either form field '__RequestVerificationToken' or header 'RequestVerificationToken'. 
2025-04-10 23:38:19.6415|Default|00-53aa6b8547e0991dd8b6045719ceb65c-bbaa92d5bbc3d1ee-00||OrchardCore.Workflows.Http.Controllers.HttpWorkflowController|WARN|Antiforgery token validation failed. 
2025-04-10 23:39:20.6097|Default|00-42978d8fd212447ab93e500eab9b68d4-a2fb27c918f84cbd-00|4|Microsoft.AspNetCore.Antiforgery.DefaultAntiforgery|WARN|The required antiforgery request token was not provided in either form field '__RequestVerificationToken' or header 'RequestVerificationToken'. 
2025-04-10 23:39:20.6097|Default|00-42978d8fd212447ab93e500eab9b68d4-a2fb27c918f84cbd-00||OrchardCore.Workflows.Http.Controllers.HttpWorkflowController|WARN|Antiforgery token validation failed. 
